2020-12-25T00:31:01.844Z [grades-control-api] info – API Started!
2020-12-25T00:31:59.754Z [grades-control-api] info – GET /student/getTotalGrade
2020-12-25T00:32:25.715Z [grades-control-api] info – GET /student/getTotalGrade
2020-12-25T00:32:48.800Z [grades-control-api] info – GET /student/getTotalGrade
2020-12-25T00:35:25.346Z [grades-control-api] info – API Started!
2020-12-25T00:35:31.488Z [grades-control-api] info – API Started!
2020-12-25T00:35:33.898Z [grades-control-api] info – API Started!
2020-12-25T00:35:41.944Z [grades-control-api] info – API Started!
2020-12-25T00:35:45.677Z [grades-control-api] info – API Started!
2020-12-25T00:36:02.056Z [grades-control-api] info – API Started!
2020-12-25T00:36:07.823Z [grades-control-api] info – API Started!
2020-12-25T00:36:16.465Z [grades-control-api] info – API Started!
2020-12-25T00:36:43.243Z [grades-control-api] info – API Started!
2020-12-25T00:36:47.798Z [grades-control-api] info – API Started!
2020-12-25T00:36:56.239Z [grades-control-api] info – API Started!
2020-12-25T00:36:58.045Z [grades-control-api] info – API Started!
2020-12-25T00:38:55.333Z [grades-control-api] info – API Started!
2020-12-25T00:39:34.723Z [grades-control-api] info – API Started!
2020-12-25T00:39:39.370Z [grades-control-api] info – API Started!
2020-12-25T00:39:42.460Z [grades-control-api] info – API Started!
2020-12-25T00:39:48.226Z [grades-control-api] info – API Started!
2020-12-25T00:39:49.552Z [grades-control-api] info – API Started!
2020-12-25T00:40:34.127Z [grades-control-api] info – API Started!
2020-12-25T00:40:43.114Z [grades-control-api] info – API Started!
2020-12-25T00:40:53.195Z [grades-control-api] info – API Started!
2020-12-25T00:40:58.412Z [grades-control-api] info – API Started!
2020-12-25T00:41:01.431Z [grades-control-api] info – API Started!
2020-12-25T00:41:05.334Z [grades-control-api] info – API Started!
2020-12-25T00:41:08.816Z [grades-control-api] info – API Started!
2020-12-25T00:41:13.115Z [grades-control-api] info – API Started!
2020-12-25T00:41:17.787Z [grades-control-api] info – API Started!
2020-12-25T00:42:15.563Z [grades-control-api] info – API Started!
2020-12-25T00:42:20.628Z [grades-control-api] info – API Started!
2020-12-25T00:42:39.221Z [grades-control-api] info – API Started!
2020-12-25T00:42:48.289Z [grades-control-api] info – API Started!
2020-12-25T00:42:52.349Z [grades-control-api] info – API Started!
2020-12-25T00:42:55.094Z [grades-control-api] info – API Started!
2020-12-25T00:43:12.933Z [grades-control-api] info – API Started!
2020-12-25T00:43:25.980Z [grades-control-api] info – API Started!
2020-12-25T00:43:43.732Z [grades-control-api] info – API Started!
2020-12-25T00:44:57.761Z [grades-control-api] info – API Started!
2020-12-25T00:44:58.496Z [grades-control-api] info – API Started!
2020-12-25T00:45:03.638Z [grades-control-api] info – API Started!
2020-12-25T00:45:10.821Z [grades-control-api] info – API Started!
2020-12-25T00:45:14.478Z [grades-control-api] info – API Started!
2020-12-25T00:45:35.744Z [grades-control-api] info – API Started!
2020-12-25T00:45:37.342Z [grades-control-api] info – API Started!
2020-12-25T00:45:41.926Z [grades-control-api] info – API Started!
2020-12-25T00:45:43.631Z [grades-control-api] info – API Started!
2020-12-25T00:45:46.189Z [grades-control-api] info – API Started!
2020-12-25T00:45:52.674Z [grades-control-api] info – API Started!
2020-12-25T00:45:59.424Z [grades-control-api] info – API Started!
2020-12-25T00:46:01.461Z [grades-control-api] info – API Started!
2020-12-25T00:46:04.376Z [grades-control-api] info – API Started!
2020-12-25T00:46:17.540Z [grades-control-api] info – API Started!
2020-12-25T00:46:19.570Z [grades-control-api] info – API Started!
2020-12-25T00:46:21.825Z [grades-control-api] info – API Started!
2020-12-25T00:46:31.008Z [grades-control-api] info – API Started!
2020-12-25T00:46:49.606Z [grades-control-api] info – API Started!
2020-12-25T00:46:53.000Z [grades-control-api] info – API Started!
2020-12-25T00:47:01.532Z [grades-control-api] info – API Started!
2020-12-25T00:47:50.261Z [grades-control-api] info – API Started!
2020-12-25T00:47:50.877Z [grades-control-api] info – API Started!
2020-12-25T00:47:53.348Z [grades-control-api] info – API Started!
2020-12-25T00:48:09.611Z [grades-control-api] info – API Started!
2020-12-25T00:51:40.201Z [grades-control-api] info – API Started!
2020-12-25T00:51:45.768Z [grades-control-api] info – API Started!
2020-12-25T00:51:48.464Z [grades-control-api] info – API Started!
2020-12-25T00:51:50.339Z [grades-control-api] info – API Started!
2020-12-25T00:51:59.037Z [grades-control-api] info – API Started!
2020-12-25T00:52:07.901Z [grades-control-api] info – API Started!
2020-12-25T00:52:14.728Z [grades-control-api] info – API Started!
2020-12-25T00:52:19.366Z [grades-control-api] info – API Started!
2020-12-25T00:52:21.754Z [grades-control-api] info – API Started!
2020-12-25T00:52:28.288Z [grades-control-api] info – API Started!
2020-12-25T00:52:57.666Z [grades-control-api] info – API Started!
2020-12-25T00:53:00.206Z [grades-control-api] info – API Started!
2020-12-25T00:53:22.928Z [grades-control-api] info – API Started!
2020-12-25T00:53:38.451Z [grades-control-api] info – API Started!
2020-12-25T00:53:42.018Z [grades-control-api] info – API Started!
2020-12-25T00:53:58.385Z [grades-control-api] info – API Started!
2020-12-25T00:54:01.019Z [grades-control-api] info – API Started!
2020-12-25T00:54:04.234Z [grades-control-api] info – API Started!
2020-12-25T00:54:06.822Z [grades-control-api] info – API Started!
2020-12-25T00:54:08.339Z [grades-control-api] info – API Started!
2020-12-25T00:54:16.661Z [grades-control-api] info – API Started!
2020-12-25T00:54:22.709Z [grades-control-api] info – API Started!
2020-12-25T00:54:27.855Z [grades-control-api] info – GET /student/getAverageGrade
2020-12-25T00:54:42.213Z [grades-control-api] info – API Started!
2020-12-25T00:54:45.461Z [grades-control-api] info – API Started!
2020-12-25T00:54:45.781Z [grades-control-api] info – POST /student/getAverageGrade
2020-12-25T06:03:23.927Z [grades-control-api] info – API Started!
2020-12-25T06:04:51.125Z [grades-control-api] info – API Started!
2020-12-25T06:05:08.688Z [grades-control-api] info – API Started!
2020-12-25T06:05:10.130Z [grades-control-api] info – API Started!
2020-12-25T06:05:17.035Z [grades-control-api] info – API Started!
2020-12-25T06:05:23.392Z [grades-control-api] info – API Started!
2020-12-25T06:05:24.774Z [grades-control-api] info – API Started!
2020-12-25T06:05:42.542Z [grades-control-api] info – API Started!
2020-12-25T06:05:50.488Z [grades-control-api] info – API Started!
2020-12-25T06:05:52.131Z [grades-control-api] info – API Started!
2020-12-25T06:05:54.507Z [grades-control-api] info – API Started!
2020-12-25T06:05:58.395Z [grades-control-api] info – API Started!
2020-12-25T06:06:01.524Z [grades-control-api] info – API Started!
2020-12-25T06:06:03.937Z [grades-control-api] info – API Started!
2020-12-25T06:06:04.738Z [grades-control-api] info – API Started!
2020-12-25T06:06:12.453Z [grades-control-api] info – API Started!
2020-12-25T06:07:13.758Z [grades-control-api] info – API Started!
2020-12-25T06:07:20.111Z [grades-control-api] info – API Started!
2020-12-25T06:07:21.506Z [grades-control-api] info – API Started!
2020-12-25T06:07:39.919Z [grades-control-api] info – API Started!
2020-12-25T06:07:43.334Z [grades-control-api] info – API Started!
2020-12-25T06:07:50.794Z [grades-control-api] info – API Started!
2020-12-25T06:08:02.894Z [grades-control-api] info – API Started!
2020-12-25T06:08:15.179Z [grades-control-api] info – API Started!
2020-12-25T06:08:16.377Z [grades-control-api] info – API Started!
2020-12-25T06:08:17.752Z [grades-control-api] info – API Started!
2020-12-25T06:08:19.719Z [grades-control-api] info – API Started!
2020-12-25T06:08:21.442Z [grades-control-api] info – API Started!
2020-12-25T06:08:38.101Z [grades-control-api] info – API Started!
2020-12-25T06:08:39.328Z [grades-control-api] info – API Started!
2020-12-25T06:08:45.635Z [grades-control-api] info – API Started!
2020-12-25T06:08:54.772Z [grades-control-api] info – API Started!
2020-12-25T06:10:11.820Z [grades-control-api] info – API Started!
2020-12-25T06:10:22.724Z [grades-control-api] info – API Started!
2020-12-25T06:10:27.577Z [grades-control-api] info – API Started!
2020-12-25T06:10:28.471Z [grades-control-api] info – API Started!
2020-12-25T06:10:31.254Z [grades-control-api] info – API Started!
2020-12-25T06:10:48.350Z [grades-control-api] info – API Started!
2020-12-25T06:10:50.202Z [grades-control-api] info – API Started!
2020-12-25T06:10:52.550Z [grades-control-api] info – API Started!
2020-12-25T06:11:01.744Z [grades-control-api] info – API Started!
2020-12-25T06:11:02.977Z [grades-control-api] info – API Started!
2020-12-25T06:11:04.874Z [grades-control-api] info – API Started!
2020-12-25T06:11:06.065Z [grades-control-api] info – API Started!
2020-12-25T06:11:07.586Z [grades-control-api] info – API Started!
2020-12-25T06:11:08.746Z [grades-control-api] info – API Started!
2020-12-25T06:11:11.539Z [grades-control-api] info – API Started!
2020-12-25T06:11:13.893Z [grades-control-api] info – API Started!
2020-12-25T06:11:16.010Z [grades-control-api] info – API Started!
2020-12-25T06:11:19.322Z [grades-control-api] info – API Started!
2020-12-25T06:11:22.083Z [grades-control-api] info – POST /student/getThreeBestGrade
2020-12-25T06:15:21.198Z [grades-control-api] info – POST /student/getThreeBestGrade
2020-12-25T06:15:31.731Z [grades-control-api] info – GET /student/:id
2020-12-25T06:15:34.950Z [grades-control-api] info – GET /student
2020-12-25T06:15:48.017Z [grades-control-api] info – POST /student/getAverageGrade
2020-12-25T06:15:53.065Z [grades-control-api] info – POST /student/getAverageGrade
